<?xml version="1.0" encoding="UTF-8"?>
<testng-results ignored="1" total="3" passed="0" failed="0" skipped="2">
  <reporter-output>
  </reporter-output>
  <suite started-at="2023-01-04T11:30:16 IST" name="Westfield Salesforce Application - SIT Regression" finished-at="2023-01-04T11:30:50 IST" duration-ms="34363">
    <groups>
    </groups>
    <test started-at="2023-01-04T11:30:16 IST" name="LoginPageTest" finished-at="2023-01-04T11:30:50 IST" duration-ms="34363">
      <class name="com.salesforce.automation.Westfield.LoginPage">
        <test-method is-config="true" signature="browserSetup()[pri:0, instance:com.salesforce.automation.Westfield.LoginPage@121314f7]" started-at="2023-01-04T11:30:16 IST" name="browserSetup" finished-at="2023-01-04T11:30:50 IST" duration-ms="34292" status="FAIL">
          <exception class="io.testproject.sdk.internal.exceptions.AgentConnectException">
            <message>
              <![CDATA[SDK failed to connect to the Agent via a TCP socket on port 61916
Please check if you have any interfering software installed, and disable it.]]>
            </message>
            <full-stacktrace>
              <![CDATA[io.testproject.sdk.internal.exceptions.AgentConnectException: SDK failed to connect to the Agent via a TCP socket on port 61916
Please check if you have any interfering software installed, and disable it.
at io.testproject.sdk.internal.tcp.SocketManager.openSocket(SocketManager.java:146)
at io.testproject.sdk.internal.rest.AgentClient.startSession(AgentClient.java:797)
at io.testproject.sdk.internal.rest.AgentClient.<init>(AgentClient.java:293)
at io.testproject.sdk.internal.rest.AgentClient.getClient(AgentClient.java:573)
at io.testproject.sdk.drivers.web.ChromeDriver.<init>(ChromeDriver.java:920)
at io.testproject.sdk.drivers.web.ChromeDriver.<init>(ChromeDriver.java:883)
at io.testproject.sdk.drivers.web.ChromeDriver.<init>(ChromeDriver.java:729)
at io.testproject.sdk.drivers.web.ChromeDriver.<init>(ChromeDriver.java:381)
at com.salesforce.automation.Westfield.BrowserConfiguration.browserSetup(BrowserConfiguration.java:17)
at java.base/jdk.internal.reflect.NativeMethodAccessorImpl.invoke0(Native Method)
at java.base/jdk.internal.reflect.NativeMethodAccessorImpl.invoke(NativeMethodAccessorImpl.java:62)
at java.base/jdk.internal.reflect.DelegatingMethodAccessorImpl.invoke(DelegatingMethodAccessorImpl.java:43)
at java.base/java.lang.reflect.Method.invoke(Method.java:566)
at org.testng.internal.MethodInvocationHelper.invokeMethod(MethodInvocationHelper.java:133)
at org.testng.internal.MethodInvocationHelper.invokeMethodConsideringTimeout(MethodInvocationHelper.java:62)
at org.testng.internal.ConfigInvoker.invokeConfigurationMethod(ConfigInvoker.java:385)
at org.testng.internal.ConfigInvoker.invokeConfigurations(ConfigInvoker.java:321)
at org.testng.TestRunner.invokeTestConfigurations(TestRunner.java:637)
at org.testng.TestRunner.beforeRun(TestRunner.java:627)
at org.testng.TestRunner.run(TestRunner.java:589)
at org.testng.SuiteRunner.runTest(SuiteRunner.java:377)
at org.testng.SuiteRunner.runSequentially(SuiteRunner.java:371)
at org.testng.SuiteRunner.privateRun(SuiteRunner.java:332)
at org.testng.SuiteRunner.run(SuiteRunner.java:276)
at org.testng.SuiteRunnerWorker.runSuite(SuiteRunnerWorker.java:53)
at org.testng.SuiteRunnerWorker.run(SuiteRunnerWorker.java:96)
at org.testng.TestNG.runSuitesSequentially(TestNG.java:1212)
at org.testng.TestNG.runSuitesLocally(TestNG.java:1134)
at org.testng.TestNG.runSuites(TestNG.java:1063)
at org.testng.TestNG.run(TestNG.java:1031)
at org.testng.remote.AbstractRemoteTestNG.run(AbstractRemoteTestNG.java:115)
at org.testng.remote.RemoteTestNG.initAndRun(RemoteTestNG.java:251)
at org.testng.remote.RemoteTestNG.main(RemoteTestNG.java:77)
]]>
            </full-stacktrace>
          </exception> <!-- io.testproject.sdk.internal.exceptions.AgentConnectException -->
          <reporter-output>
          </reporter-output>
        </test-method> <!-- browserSetup -->
        <test-method signature="loginPageTest()[pri:0, instance:com.salesforce.automation.Westfield.LoginPage@121314f7]" started-at="2023-01-04T11:30:50 IST" name="loginPageTest" finished-at="2023-01-04T11:30:50 IST" duration-ms="0" status="SKIP">
          <exception class="io.testproject.sdk.internal.exceptions.AgentConnectException">
            <message>
              <![CDATA[SDK failed to connect to the Agent via a TCP socket on port 61916
Please check if you have any interfering software installed, and disable it.]]>
            </message>
            <full-stacktrace>
              <![CDATA[io.testproject.sdk.internal.exceptions.AgentConnectException: SDK failed to connect to the Agent via a TCP socket on port 61916
Please check if you have any interfering software installed, and disable it.
at io.testproject.sdk.internal.tcp.SocketManager.openSocket(SocketManager.java:146)
at io.testproject.sdk.internal.rest.AgentClient.startSession(AgentClient.java:797)
at io.testproject.sdk.internal.rest.AgentClient.<init>(AgentClient.java:293)
at io.testproject.sdk.internal.rest.AgentClient.getClient(AgentClient.java:573)
at io.testproject.sdk.drivers.web.ChromeDriver.<init>(ChromeDriver.java:920)
at io.testproject.sdk.drivers.web.ChromeDriver.<init>(ChromeDriver.java:883)
at io.testproject.sdk.drivers.web.ChromeDriver.<init>(ChromeDriver.java:729)
at io.testproject.sdk.drivers.web.ChromeDriver.<init>(ChromeDriver.java:381)
at com.salesforce.automation.Westfield.BrowserConfiguration.browserSetup(BrowserConfiguration.java:17)
at java.base/jdk.internal.reflect.NativeMethodAccessorImpl.invoke0(Native Method)
at java.base/jdk.internal.reflect.NativeMethodAccessorImpl.invoke(NativeMethodAccessorImpl.java:62)
at java.base/jdk.internal.reflect.DelegatingMethodAccessorImpl.invoke(DelegatingMethodAccessorImpl.java:43)
at java.base/java.lang.reflect.Method.invoke(Method.java:566)
at org.testng.internal.MethodInvocationHelper.invokeMethod(MethodInvocationHelper.java:133)
at org.testng.internal.MethodInvocationHelper.invokeMethodConsideringTimeout(MethodInvocationHelper.java:62)
at org.testng.internal.ConfigInvoker.invokeConfigurationMethod(ConfigInvoker.java:385)
at org.testng.internal.ConfigInvoker.invokeConfigurations(ConfigInvoker.java:321)
at org.testng.TestRunner.invokeTestConfigurations(TestRunner.java:637)
at org.testng.TestRunner.beforeRun(TestRunner.java:627)
at org.testng.TestRunner.run(TestRunner.java:589)
at org.testng.SuiteRunner.runTest(SuiteRunner.java:377)
at org.testng.SuiteRunner.runSequentially(SuiteRunner.java:371)
at org.testng.SuiteRunner.privateRun(SuiteRunner.java:332)
at org.testng.SuiteRunner.run(SuiteRunner.java:276)
at org.testng.SuiteRunnerWorker.runSuite(SuiteRunnerWorker.java:53)
at org.testng.SuiteRunnerWorker.run(SuiteRunnerWorker.java:96)
at org.testng.TestNG.runSuitesSequentially(TestNG.java:1212)
at org.testng.TestNG.runSuitesLocally(TestNG.java:1134)
at org.testng.TestNG.runSuites(TestNG.java:1063)
at org.testng.TestNG.run(TestNG.java:1031)
at org.testng.remote.AbstractRemoteTestNG.run(AbstractRemoteTestNG.java:115)
at org.testng.remote.RemoteTestNG.initAndRun(RemoteTestNG.java:251)
at org.testng.remote.RemoteTestNG.main(RemoteTestNG.java:77)
]]>
            </full-stacktrace>
          </exception> <!-- io.testproject.sdk.internal.exceptions.AgentConnectException -->
          <reporter-output>
          </reporter-output>
        </test-method> <!-- loginPageTest -->
      </class> <!-- com.salesforce.automation.Westfield.LoginPage -->
      <class name="com.salesforce.automation.Westfield.LeadCreationTest">
        <test-method signature="createNewLeadTest()[pri:0, instance:com.salesforce.automation.Westfield.LeadCreationTest@a38c7fe]" started-at="2023-01-04T11:30:50 IST" name="createNewLeadTest" finished-at="2023-01-04T11:30:50 IST" duration-ms="0" status="SKIP">
          <exception class="io.testproject.sdk.internal.exceptions.AgentConnectException">
            <message>
              <![CDATA[SDK failed to connect to the Agent via a TCP socket on port 61916
Please check if you have any interfering software installed, and disable it.]]>
            </message>
            <full-stacktrace>
              <![CDATA[io.testproject.sdk.internal.exceptions.AgentConnectException: SDK failed to connect to the Agent via a TCP socket on port 61916
Please check if you have any interfering software installed, and disable it.
at io.testproject.sdk.internal.tcp.SocketManager.openSocket(SocketManager.java:146)
at io.testproject.sdk.internal.rest.AgentClient.startSession(AgentClient.java:797)
at io.testproject.sdk.internal.rest.AgentClient.<init>(AgentClient.java:293)
at io.testproject.sdk.internal.rest.AgentClient.getClient(AgentClient.java:573)
at io.testproject.sdk.drivers.web.ChromeDriver.<init>(ChromeDriver.java:920)
at io.testproject.sdk.drivers.web.ChromeDriver.<init>(ChromeDriver.java:883)
at io.testproject.sdk.drivers.web.ChromeDriver.<init>(ChromeDriver.java:729)
at io.testproject.sdk.drivers.web.ChromeDriver.<init>(ChromeDriver.java:381)
at com.salesforce.automation.Westfield.BrowserConfiguration.browserSetup(BrowserConfiguration.java:17)
at java.base/jdk.internal.reflect.NativeMethodAccessorImpl.invoke0(Native Method)
at java.base/jdk.internal.reflect.NativeMethodAccessorImpl.invoke(NativeMethodAccessorImpl.java:62)
at java.base/jdk.internal.reflect.DelegatingMethodAccessorImpl.invoke(DelegatingMethodAccessorImpl.java:43)
at java.base/java.lang.reflect.Method.invoke(Method.java:566)
at org.testng.internal.MethodInvocationHelper.invokeMethod(MethodInvocationHelper.java:133)
at org.testng.internal.MethodInvocationHelper.invokeMethodConsideringTimeout(MethodInvocationHelper.java:62)
at org.testng.internal.ConfigInvoker.invokeConfigurationMethod(ConfigInvoker.java:385)
at org.testng.internal.ConfigInvoker.invokeConfigurations(ConfigInvoker.java:321)
at org.testng.TestRunner.invokeTestConfigurations(TestRunner.java:637)
at org.testng.TestRunner.beforeRun(TestRunner.java:627)
at org.testng.TestRunner.run(TestRunner.java:589)
at org.testng.SuiteRunner.runTest(SuiteRunner.java:377)
at org.testng.SuiteRunner.runSequentially(SuiteRunner.java:371)
at org.testng.SuiteRunner.privateRun(SuiteRunner.java:332)
at org.testng.SuiteRunner.run(SuiteRunner.java:276)
at org.testng.SuiteRunnerWorker.runSuite(SuiteRunnerWorker.java:53)
at org.testng.SuiteRunnerWorker.run(SuiteRunnerWorker.java:96)
at org.testng.TestNG.runSuitesSequentially(TestNG.java:1212)
at org.testng.TestNG.runSuitesLocally(TestNG.java:1134)
at org.testng.TestNG.runSuites(TestNG.java:1063)
at org.testng.TestNG.run(TestNG.java:1031)
at org.testng.remote.AbstractRemoteTestNG.run(AbstractRemoteTestNG.java:115)
at org.testng.remote.RemoteTestNG.initAndRun(RemoteTestNG.java:251)
at org.testng.remote.RemoteTestNG.main(RemoteTestNG.java:77)
]]>
            </full-stacktrace>
          </exception> <!-- io.testproject.sdk.internal.exceptions.AgentConnectException -->
          <reporter-output>
          </reporter-output>
        </test-method> <!-- createNewLeadTest -->
      </class> <!-- com.salesforce.automation.Westfield.LeadCreationTest -->
    </test> <!-- LoginPageTest -->
  </suite> <!-- Westfield Salesforce Application - SIT Regression -->
</testng-results>
