<html>
<head>
<title>TestNG:  LoginPageTest</title>
<link href="../testng.css" rel="stylesheet" type="text/css" />
<link href="../my-testng.css" rel="stylesheet" type="text/css" />

<style type="text/css">
.log { display: none;} 
.stack-trace { display: none;} 
</style>
<script type="text/javascript">
<!--
function flip(e) {
  current = e.style.display;
  if (current == 'block') {
    e.style.display = 'none';
    return 0;
  }
  else {
    e.style.display = 'block';
    return 1;
  }
}

function toggleBox(szDivId, elem, msg1, msg2)
{
  var res = -1;  if (document.getElementById) {
    res = flip(document.getElementById(szDivId));
  }
  else if (document.all) {
    // this is the way old msie versions work
    res = flip(document.all[szDivId]);
  }
  if(elem) {
    if(res == 0) elem.innerHTML = msg1; else elem.innerHTML = msg2;
  }

}

function toggleAllBoxes() {
  if (document.getElementsByTagName) {
    d = document.getElementsByTagName('div');
    for (i = 0; i < d.length; i++) {
      if (d[i].className == 'log') {
        flip(d[i]);
      }
    }
  }
}

// -->
</script>

</head>
<body>
<h2 align='center'>LoginPageTest</h2><table border='1' align="center">
<tr>
<td>Tests passed/Failed/Skipped:</td><td>0/0/2</td>
</tr><tr>
<td>Started on:</td><td>Wed Jan 04 11:30:16 IST 2023</td>
</tr>
<tr><td>Total time:</td><td>34 seconds (34363 ms)</td>
</tr><tr>
<td>Included groups:</td><td></td>
</tr><tr>
<td>Excluded groups:</td><td></td>
</tr>
</table><p/>
<small><i>(Hover the method name to see the test class name)</i></small><p/>
<table width='100%' border='1' class='invocation-failed'>
<tr><td colspan='4' align='center'><b>FAILED CONFIGURATIONS</b></td></tr>
<tr><td><b>Test method</b></td>
<td width="30%"><b>Exception</b></td>
<td width="10%"><b>Time (seconds)</b></td>
<td><b>Instance</b></td>
</tr>
<tr>
<td title='com.salesforce.automation.Westfield.LoginPage.browserSetup()'><b>browserSetup</b><br>Test class: com.salesforce.automation.Westfield.LoginPage</td>
<td><div><pre>io.testproject.sdk.internal.exceptions.AgentConnectException: SDK failed to connect to the Agent via a TCP socket on port 61916
Please check if you have any interfering software installed, and disable it.
	at io.testproject.sdk.internal.tcp.SocketManager.openSocket(SocketManager.java:146)
	at io.testproject.sdk.internal.rest.AgentClient.startSession(AgentClient.java:797)
	at io.testproject.sdk.internal.rest.AgentClient.&lt;init&gt;(AgentClient.java:293)
	at io.testproject.sdk.internal.rest.AgentClient.getClient(AgentClient.java:573)
	at io.testproject.sdk.drivers.web.ChromeDriver.&lt;init&gt;(ChromeDriver.java:920)
	at io.testproject.sdk.drivers.web.ChromeDriver.&lt;init&gt;(ChromeDriver.java:883)
	at io.testproject.sdk.drivers.web.ChromeDriver.&lt;init&gt;(ChromeDriver.java:729)
	at io.testproject.sdk.drivers.web.ChromeDriver.&lt;init&gt;(ChromeDriver.java:381)
	at com.salesforce.automation.Westfield.BrowserConfiguration.browserSetup(BrowserConfiguration.java:17)
... Removed 24 stack frames</pre></div><a href='#' onClick='toggleBox("stack-trace1683662486", this, "Click to show all stack frames", "Click to hide stack frames")'>Click to show all stack frames</a>
<div class='stack-trace' id='stack-trace1683662486'><pre>io.testproject.sdk.internal.exceptions.AgentConnectException: SDK failed to connect to the Agent via a TCP socket on port 61916
Please check if you have any interfering software installed, and disable it.
	at io.testproject.sdk.internal.tcp.SocketManager.openSocket(SocketManager.java:146)
	at io.testproject.sdk.internal.rest.AgentClient.startSession(AgentClient.java:797)
	at io.testproject.sdk.internal.rest.AgentClient.&lt;init&gt;(AgentClient.java:293)
	at io.testproject.sdk.internal.rest.AgentClient.getClient(AgentClient.java:573)
	at io.testproject.sdk.drivers.web.ChromeDriver.&lt;init&gt;(ChromeDriver.java:920)
	at io.testproject.sdk.drivers.web.ChromeDriver.&lt;init&gt;(ChromeDriver.java:883)
	at io.testproject.sdk.drivers.web.ChromeDriver.&lt;init&gt;(ChromeDriver.java:729)
	at io.testproject.sdk.drivers.web.ChromeDriver.&lt;init&gt;(ChromeDriver.java:381)
	at com.salesforce.automation.Westfield.BrowserConfiguration.browserSetup(BrowserConfiguration.java:17)
	at java.base/jdk.internal.reflect.NativeMethodAccessorImpl.invoke0(Native Method)
	at java.base/jdk.internal.reflect.NativeMethodAccessorImpl.invoke(NativeMethodAccessorImpl.java:62)
	at java.base/jdk.internal.reflect.DelegatingMethodAccessorImpl.invoke(DelegatingMethodAccessorImpl.java:43)
	at java.base/java.lang.reflect.Method.invoke(Method.java:566)
	at org.testng.internal.MethodInvocationHelper.invokeMethod(MethodInvocationHelper.java:133)
	at org.testng.internal.MethodInvocationHelper.invokeMethodConsideringTimeout(MethodInvocationHelper.java:62)
	at org.testng.internal.ConfigInvoker.invokeConfigurationMethod(ConfigInvoker.java:385)
	at org.testng.internal.ConfigInvoker.invokeConfigurations(ConfigInvoker.java:321)
	at org.testng.TestRunner.invokeTestConfigurations(TestRunner.java:637)
	at org.testng.TestRunner.beforeRun(TestRunner.java:627)
	at org.testng.TestRunner.run(TestRunner.java:589)
	at org.testng.SuiteRunner.runTest(SuiteRunner.java:377)
	at org.testng.SuiteRunner.runSequentially(SuiteRunner.java:371)
	at org.testng.SuiteRunner.privateRun(SuiteRunner.java:332)
	at org.testng.SuiteRunner.run(SuiteRunner.java:276)
	at org.testng.SuiteRunnerWorker.runSuite(SuiteRunnerWorker.java:53)
	at org.testng.SuiteRunnerWorker.run(SuiteRunnerWorker.java:96)
	at org.testng.TestNG.runSuitesSequentially(TestNG.java:1212)
	at org.testng.TestNG.runSuitesLocally(TestNG.java:1134)
	at org.testng.TestNG.runSuites(TestNG.java:1063)
	at org.testng.TestNG.run(TestNG.java:1031)
	at org.testng.remote.AbstractRemoteTestNG.run(AbstractRemoteTestNG.java:115)
	at org.testng.remote.RemoteTestNG.initAndRun(RemoteTestNG.java:251)
	at org.testng.remote.RemoteTestNG.main(RemoteTestNG.java:77)
</pre></div></td>
<td>34</td>
<td>com.salesforce.automation.Westfield.LoginPage@121314f7</td></tr>
</table><p>
<table width='100%' border='1' class='invocation-skipped'>
<tr><td colspan='4' align='center'><b>SKIPPED TESTS</b></td></tr>
<tr><td><b>Test method</b></td>
<td width="30%"><b>Exception</b></td>
<td width="10%"><b>Time (seconds)</b></td>
<td><b>Instance</b></td>
</tr>
<tr>
<td title='com.salesforce.automation.Westfield.LeadCreationTest.createNewLeadTest()'><b>createNewLeadTest</b><br>Test class: com.salesforce.automation.Westfield.LeadCreationTest</td>
<td><div><pre>io.testproject.sdk.internal.exceptions.AgentConnectException: SDK failed to connect to the Agent via a TCP socket on port 61916
Please check if you have any interfering software installed, and disable it.
	at io.testproject.sdk.internal.tcp.SocketManager.openSocket(SocketManager.java:146)
	at io.testproject.sdk.internal.rest.AgentClient.startSession(AgentClient.java:797)
	at io.testproject.sdk.internal.rest.AgentClient.&lt;init&gt;(AgentClient.java:293)
	at io.testproject.sdk.internal.rest.AgentClient.getClient(AgentClient.java:573)
	at io.testproject.sdk.drivers.web.ChromeDriver.&lt;init&gt;(ChromeDriver.java:920)
	at io.testproject.sdk.drivers.web.ChromeDriver.&lt;init&gt;(ChromeDriver.java:883)
	at io.testproject.sdk.drivers.web.ChromeDriver.&lt;init&gt;(ChromeDriver.java:729)
	at io.testproject.sdk.drivers.web.ChromeDriver.&lt;init&gt;(ChromeDriver.java:381)
	at com.salesforce.automation.Westfield.BrowserConfiguration.browserSetup(BrowserConfiguration.java:17)
... Removed 24 stack frames</pre></div><a href='#' onClick='toggleBox("stack-trace209360730", this, "Click to show all stack frames", "Click to hide stack frames")'>Click to show all stack frames</a>
<div class='stack-trace' id='stack-trace209360730'><pre>io.testproject.sdk.internal.exceptions.AgentConnectException: SDK failed to connect to the Agent via a TCP socket on port 61916
Please check if you have any interfering software installed, and disable it.
	at io.testproject.sdk.internal.tcp.SocketManager.openSocket(SocketManager.java:146)
	at io.testproject.sdk.internal.rest.AgentClient.startSession(AgentClient.java:797)
	at io.testproject.sdk.internal.rest.AgentClient.&lt;init&gt;(AgentClient.java:293)
	at io.testproject.sdk.internal.rest.AgentClient.getClient(AgentClient.java:573)
	at io.testproject.sdk.drivers.web.ChromeDriver.&lt;init&gt;(ChromeDriver.java:920)
	at io.testproject.sdk.drivers.web.ChromeDriver.&lt;init&gt;(ChromeDriver.java:883)
	at io.testproject.sdk.drivers.web.ChromeDriver.&lt;init&gt;(ChromeDriver.java:729)
	at io.testproject.sdk.drivers.web.ChromeDriver.&lt;init&gt;(ChromeDriver.java:381)
	at com.salesforce.automation.Westfield.BrowserConfiguration.browserSetup(BrowserConfiguration.java:17)
	at java.base/jdk.internal.reflect.NativeMethodAccessorImpl.invoke0(Native Method)
	at java.base/jdk.internal.reflect.NativeMethodAccessorImpl.invoke(NativeMethodAccessorImpl.java:62)
	at java.base/jdk.internal.reflect.DelegatingMethodAccessorImpl.invoke(DelegatingMethodAccessorImpl.java:43)
	at java.base/java.lang.reflect.Method.invoke(Method.java:566)
	at org.testng.internal.MethodInvocationHelper.invokeMethod(MethodInvocationHelper.java:133)
	at org.testng.internal.MethodInvocationHelper.invokeMethodConsideringTimeout(MethodInvocationHelper.java:62)
	at org.testng.internal.ConfigInvoker.invokeConfigurationMethod(ConfigInvoker.java:385)
	at org.testng.internal.ConfigInvoker.invokeConfigurations(ConfigInvoker.java:321)
	at org.testng.TestRunner.invokeTestConfigurations(TestRunner.java:637)
	at org.testng.TestRunner.beforeRun(TestRunner.java:627)
	at org.testng.TestRunner.run(TestRunner.java:589)
	at org.testng.SuiteRunner.runTest(SuiteRunner.java:377)
	at org.testng.SuiteRunner.runSequentially(SuiteRunner.java:371)
	at org.testng.SuiteRunner.privateRun(SuiteRunner.java:332)
	at org.testng.SuiteRunner.run(SuiteRunner.java:276)
	at org.testng.SuiteRunnerWorker.runSuite(SuiteRunnerWorker.java:53)
	at org.testng.SuiteRunnerWorker.run(SuiteRunnerWorker.java:96)
	at org.testng.TestNG.runSuitesSequentially(TestNG.java:1212)
	at org.testng.TestNG.runSuitesLocally(TestNG.java:1134)
	at org.testng.TestNG.runSuites(TestNG.java:1063)
	at org.testng.TestNG.run(TestNG.java:1031)
	at org.testng.remote.AbstractRemoteTestNG.run(AbstractRemoteTestNG.java:115)
	at org.testng.remote.RemoteTestNG.initAndRun(RemoteTestNG.java:251)
	at org.testng.remote.RemoteTestNG.main(RemoteTestNG.java:77)
</pre></div></td>
<td>0</td>
<td>com.salesforce.automation.Westfield.LeadCreationTest@a38c7fe</td></tr>
<tr>
<td title='com.salesforce.automation.Westfield.LoginPage.loginPageTest()'><b>loginPageTest</b><br>Test class: com.salesforce.automation.Westfield.LoginPage</td>
<td><div><pre>io.testproject.sdk.internal.exceptions.AgentConnectException: SDK failed to connect to the Agent via a TCP socket on port 61916
Please check if you have any interfering software installed, and disable it.
	at io.testproject.sdk.internal.tcp.SocketManager.openSocket(SocketManager.java:146)
	at io.testproject.sdk.internal.rest.AgentClient.startSession(AgentClient.java:797)
	at io.testproject.sdk.internal.rest.AgentClient.&lt;init&gt;(AgentClient.java:293)
	at io.testproject.sdk.internal.rest.AgentClient.getClient(AgentClient.java:573)
	at io.testproject.sdk.drivers.web.ChromeDriver.&lt;init&gt;(ChromeDriver.java:920)
	at io.testproject.sdk.drivers.web.ChromeDriver.&lt;init&gt;(ChromeDriver.java:883)
	at io.testproject.sdk.drivers.web.ChromeDriver.&lt;init&gt;(ChromeDriver.java:729)
	at io.testproject.sdk.drivers.web.ChromeDriver.&lt;init&gt;(ChromeDriver.java:381)
	at com.salesforce.automation.Westfield.BrowserConfiguration.browserSetup(BrowserConfiguration.java:17)
... Removed 24 stack frames</pre></div><a href='#' onClick='toggleBox("stack-trace1846982837", this, "Click to show all stack frames", "Click to hide stack frames")'>Click to show all stack frames</a>
<div class='stack-trace' id='stack-trace1846982837'><pre>io.testproject.sdk.internal.exceptions.AgentConnectException: SDK failed to connect to the Agent via a TCP socket on port 61916
Please check if you have any interfering software installed, and disable it.
	at io.testproject.sdk.internal.tcp.SocketManager.openSocket(SocketManager.java:146)
	at io.testproject.sdk.internal.rest.AgentClient.startSession(AgentClient.java:797)
	at io.testproject.sdk.internal.rest.AgentClient.&lt;init&gt;(AgentClient.java:293)
	at io.testproject.sdk.internal.rest.AgentClient.getClient(AgentClient.java:573)
	at io.testproject.sdk.drivers.web.ChromeDriver.&lt;init&gt;(ChromeDriver.java:920)
	at io.testproject.sdk.drivers.web.ChromeDriver.&lt;init&gt;(ChromeDriver.java:883)
	at io.testproject.sdk.drivers.web.ChromeDriver.&lt;init&gt;(ChromeDriver.java:729)
	at io.testproject.sdk.drivers.web.ChromeDriver.&lt;init&gt;(ChromeDriver.java:381)
	at com.salesforce.automation.Westfield.BrowserConfiguration.browserSetup(BrowserConfiguration.java:17)
	at java.base/jdk.internal.reflect.NativeMethodAccessorImpl.invoke0(Native Method)
	at java.base/jdk.internal.reflect.NativeMethodAccessorImpl.invoke(NativeMethodAccessorImpl.java:62)
	at java.base/jdk.internal.reflect.DelegatingMethodAccessorImpl.invoke(DelegatingMethodAccessorImpl.java:43)
	at java.base/java.lang.reflect.Method.invoke(Method.java:566)
	at org.testng.internal.MethodInvocationHelper.invokeMethod(MethodInvocationHelper.java:133)
	at org.testng.internal.MethodInvocationHelper.invokeMethodConsideringTimeout(MethodInvocationHelper.java:62)
	at org.testng.internal.ConfigInvoker.invokeConfigurationMethod(ConfigInvoker.java:385)
	at org.testng.internal.ConfigInvoker.invokeConfigurations(ConfigInvoker.java:321)
	at org.testng.TestRunner.invokeTestConfigurations(TestRunner.java:637)
	at org.testng.TestRunner.beforeRun(TestRunner.java:627)
	at org.testng.TestRunner.run(TestRunner.java:589)
	at org.testng.SuiteRunner.runTest(SuiteRunner.java:377)
	at org.testng.SuiteRunner.runSequentially(SuiteRunner.java:371)
	at org.testng.SuiteRunner.privateRun(SuiteRunner.java:332)
	at org.testng.SuiteRunner.run(SuiteRunner.java:276)
	at org.testng.SuiteRunnerWorker.runSuite(SuiteRunnerWorker.java:53)
	at org.testng.SuiteRunnerWorker.run(SuiteRunnerWorker.java:96)
	at org.testng.TestNG.runSuitesSequentially(TestNG.java:1212)
	at org.testng.TestNG.runSuitesLocally(TestNG.java:1134)
	at org.testng.TestNG.runSuites(TestNG.java:1063)
	at org.testng.TestNG.run(TestNG.java:1031)
	at org.testng.remote.AbstractRemoteTestNG.run(AbstractRemoteTestNG.java:115)
	at org.testng.remote.RemoteTestNG.initAndRun(RemoteTestNG.java:251)
	at org.testng.remote.RemoteTestNG.main(RemoteTestNG.java:77)
</pre></div></td>
<td>0</td>
<td>com.salesforce.automation.Westfield.LoginPage@121314f7</td></tr>
</table><p>
</body>
</html>